<?xml version="1.0" encoding="UTF-8"?>
<testng-results skipped="0" failed="0" ignored="0" total="1" passed="1">
  <reporter-output>
  </reporter-output>
  <suite name="Suite" duration-ms="19241" started-at="2020-10-21T15:55:58 IST" finished-at="2020-10-21T15:56:17 IST">
    <groups>
    </groups>
    <test name="Test" duration-ms="19241" started-at="2020-10-21T15:55:58 IST" finished-at="2020-10-21T15:56:17 IST">
      <class name="com.org.SeleniumScript.App">
        <test-method status="PASS" signature="sampleScript()[pri:0, instance:com.org.SeleniumScript.App@7a765367]" name="sampleScript" duration-ms="19193" started-at="2020-10-21T15:55:58 IST" finished-at="2020-10-21T15:56:17 IST">
          <reporter-output>
          </reporter-output>
        </test-method> <!-- sampleScript -->
      </class> <!-- com.org.SeleniumScript.App -->
    </test> <!-- Test -->
  </suite> <!-- Suite -->
</testng-results>
